<?xml version="1.0" encoding="UTF-8"?>
<!-- Generated by org.testng.reporters.JUnitXMLReporter -->
<testsuite ignored="0" hostname="DESKTOP-QGO3QAP" failures="0" tests="6" name="Register Page Tests" time="16.514" errors="0" timestamp="02 May 2019 04:29:19 GMT">
  <testcase classname="com.workmarketseleniumchallenge.registerPageTests.RegisterTest" name="registerAsIndividualSuccessfully" time="4.648"/>
  <testcase classname="com.workmarketseleniumchallenge.registerPageTests.RegisterTest" name="registerAsIndividualWithInvalidEmail" time="1.141"/>
  <testcase classname="com.workmarketseleniumchallenge.registerPageTests.RegisterTest" name="registerAsIndividualWithInvalidPassword" time="1.099"/>
  <testcase classname="com.workmarketseleniumchallenge.registerPageTests.RegisterTest" name="registerAsIndividualWithMissingFields" time="1.005"/>
  <testcase classname="com.workmarketseleniumchallenge.registerPageTests.RegisterTest" name="registerAsIndividualWithUsedEmail" time="3.876"/>
  <testcase classname="com.workmarketseleniumchallenge.registerPageTests.RegisterTest" name="registerAsIndividualWithoutAgreeingToLicense" time="1.049"/>
</testsuite> <!-- Register Page Tests -->
