<?xml version="1.0" encoding="UTF-8"?>
<!-- Generated by org.testng.reporters.JUnitXMLReporter -->
<testsuite ignored="5" hostname="DESKTOP-QGO3QAP" failures="0" tests="1" name="Default test" time="10.323" errors="0" timestamp="02 May 2019 04:27:45 GMT">
  <testcase classname="com.workmarketseleniumchallenge.registerPageTests.RegisterTest" name="registerAsIndividualSuccessfully" time="4.653"/>
  <testcase classname="com.workmarketseleniumchallenge.registerPageTests.RegisterTest" name="registerAsIndividualWithInvalidEmail" time="0.0">
    <ignored/>
  </testcase> <!-- registerAsIndividualWithInvalidEmail -->
  <testcase classname="com.workmarketseleniumchallenge.registerPageTests.RegisterTest" name="registerAsIndividualWithInvalidPassword" time="0.0">
    <ignored/>
  </testcase> <!-- registerAsIndividualWithInvalidPassword -->
  <testcase classname="com.workmarketseleniumchallenge.registerPageTests.RegisterTest" name="registerAsIndividualWithMissingFields" time="0.0">
    <ignored/>
  </testcase> <!-- registerAsIndividualWithMissingFields -->
  <testcase classname="com.workmarketseleniumchallenge.registerPageTests.RegisterTest" name="registerAsIndividualWithoutAgreeingToLicense" time="0.0">
    <ignored/>
  </testcase> <!-- registerAsIndividualWithoutAgreeingToLicense -->
  <testcase classname="com.workmarketseleniumchallenge.registerPageTests.RegisterTest" name="registerAsIndividualWithUsedEmail" time="0.0">
    <ignored/>
  </testcase> <!-- registerAsIndividualWithUsedEmail -->
</testsuite> <!-- Default test -->
