<?xml version="1.0" encoding="UTF-8"?>
<testng-results ignored="0" total="7" passed="7" failed="0" skipped="0">
  <reporter-output>
  </reporter-output>
  <suite started-at="2019-05-02T04:29:02Z" name="WorkMarket Automation Challenge Test Suite" finished-at="2019-05-02T04:29:31Z" duration-ms="29291">
    <groups>
    </groups>
    <test started-at="2019-05-02T04:29:02Z" name="Register Page Tests" finished-at="2019-05-02T04:29:18Z" duration-ms="16514">
      <class name="com.workmarketseleniumchallenge.registerPageTests.RegisterTest">
        <test-method is-config="true" signature="setup()[pri:0, instance:com.workmarketseleniumchallenge.registerPageTests.RegisterTest@3b938003]" started-at="2019-05-02T04:29:02Z" name="setup" finished-at="2019-05-02T04:29:06Z" duration-ms="3538" status="PASS">
          <reporter-output>
          </reporter-output>
        </test-method> <!-- setup -->
        <test-method signature="registerAsIndividualSuccessfully()[pri:0, instance:com.workmarketseleniumchallenge.registerPageTests.RegisterTest@3b938003]" started-at="2019-05-02T04:29:06Z" name="registerAsIndividualSuccessfully" finished-at="2019-05-02T04:29:10Z" duration-ms="4648" status="PASS">
          <reporter-output>
          </reporter-output>
        </test-method> <!-- registerAsIndividualSuccessfully -->
        <test-method signature="registerAsIndividualWithInvalidEmail()[pri:0, instance:com.workmarketseleniumchallenge.registerPageTests.RegisterTest@3b938003]" started-at="2019-05-02T04:29:10Z" name="registerAsIndividualWithInvalidEmail" finished-at="2019-05-02T04:29:11Z" duration-ms="1141" status="PASS">
          <reporter-output>
          </reporter-output>
        </test-method> <!-- registerAsIndividualWithInvalidEmail -->
        <test-method signature="registerAsIndividualWithInvalidPassword()[pri:0, instance:com.workmarketseleniumchallenge.registerPageTests.RegisterTest@3b938003]" started-at="2019-05-02T04:29:11Z" name="registerAsIndividualWithInvalidPassword" finished-at="2019-05-02T04:29:12Z" duration-ms="1099" status="PASS">
          <reporter-output>
          </reporter-output>
        </test-method> <!-- registerAsIndividualWithInvalidPassword -->
        <test-method signature="registerAsIndividualWithMissingFields()[pri:0, instance:com.workmarketseleniumchallenge.registerPageTests.RegisterTest@3b938003]" started-at="2019-05-02T04:29:12Z" name="registerAsIndividualWithMissingFields" finished-at="2019-05-02T04:29:13Z" duration-ms="1005" status="PASS">
          <reporter-output>
          </reporter-output>
        </test-method> <!-- registerAsIndividualWithMissingFields -->
        <test-method signature="registerAsIndividualWithUsedEmail()[pri:0, instance:com.workmarketseleniumchallenge.registerPageTests.RegisterTest@3b938003]" started-at="2019-05-02T04:29:13Z" name="registerAsIndividualWithUsedEmail" finished-at="2019-05-02T04:29:17Z" duration-ms="3876" status="PASS">
          <reporter-output>
          </reporter-output>
        </test-method> <!-- registerAsIndividualWithUsedEmail -->
        <test-method signature="registerAsIndividualWithoutAgreeingToLicense()[pri:0, instance:com.workmarketseleniumchallenge.registerPageTests.RegisterTest@3b938003]" started-at="2019-05-02T04:29:17Z" name="registerAsIndividualWithoutAgreeingToLicense" finished-at="2019-05-02T04:29:18Z" duration-ms="1049" status="PASS">
          <reporter-output>
          </reporter-output>
        </test-method> <!-- registerAsIndividualWithoutAgreeingToLicense -->
        <test-method is-config="true" signature="tearDown()[pri:0, instance:com.workmarketseleniumchallenge.registerPageTests.RegisterTest@3b938003]" started-at="2019-05-02T04:29:18Z" name="tearDown" finished-at="2019-05-02T04:29:18Z" duration-ms="142" status="PASS">
          <reporter-output>
          </reporter-output>
        </test-method> <!-- tearDown -->
      </class> <!-- com.workmarketseleniumchallenge.registerPageTests.RegisterTest -->
    </test> <!-- Register Page Tests -->
    <test started-at="2019-05-02T04:29:19Z" name="Search Page Tests" finished-at="2019-05-02T04:29:31Z" duration-ms="12744">
      <class name="com.workmerketseleniumchallenge.findTalentPageTests.SearchTest">
        <test-method is-config="true" signature="setup()[pri:0, instance:com.workmerketseleniumchallenge.findTalentPageTests.SearchTest@527e5409]" started-at="2019-05-02T04:29:19Z" name="setup" finished-at="2019-05-02T04:29:22Z" duration-ms="3213" status="PASS">
          <reporter-output>
          </reporter-output>
        </test-method> <!-- setup -->
        <test-method signature="returnedSearchResultsContainsSearchKeyword()[pri:0, instance:com.workmerketseleniumchallenge.findTalentPageTests.SearchTest@527e5409]" started-at="2019-05-02T04:29:22Z" name="returnedSearchResultsContainsSearchKeyword" finished-at="2019-05-02T04:29:31Z" duration-ms="9372" status="PASS">
          <reporter-output>
          </reporter-output>
        </test-method> <!-- returnedSearchResultsContainsSearchKeyword -->
        <test-method is-config="true" signature="tearDown()[pri:0, instance:com.workmerketseleniumchallenge.findTalentPageTests.SearchTest@527e5409]" started-at="2019-05-02T04:29:31Z" name="tearDown" finished-at="2019-05-02T04:29:31Z" duration-ms="156" status="PASS">
          <reporter-output>
          </reporter-output>
        </test-method> <!-- tearDown -->
      </class> <!-- com.workmerketseleniumchallenge.findTalentPageTests.SearchTest -->
    </test> <!-- Search Page Tests -->
  </suite> <!-- WorkMarket Automation Challenge Test Suite -->
</testng-results>
